<?xml version="1.0" encoding="UTF-8"?>
<!-- Generated by org.testng.reporters.JUnitXMLReporter -->
<testsuite ignored="0" hostname="DESKTOP-O0KTUNL" failures="0" tests="4" name="Test" time="97.721" errors="0" timestamp="18 Aug 2021 15:20:40 GMT">
  <testcase classname="script.ValidLogin" name="testValidLogin" time="15.408"/>
  <testcase classname="script.Test1" name="testA" time="0.004"/>
  <testcase classname="script.InvalidLogin" name="testInvalidLogin" time="3.679"/>
  <testcase classname="script.Test2" name="testB" time="0.005"/>
</testsuite> <!-- Test -->
