<?xml version="1.0" encoding="UTF-8"?>
<testng-results ignored="0" total="4" passed="4" failed="0" skipped="0">
  <reporter-output>
    <line>
      <![CDATA[testA]]>
    </line>
    <line>
      <![CDATA[testB]]>
    </line>
  </reporter-output>
  <suite started-at="2021-08-18T15:19:02Z" name="Suite" finished-at="2021-08-18T15:20:40Z" duration-ms="97721">
    <groups>
    </groups>
    <test started-at="2021-08-18T15:19:02Z" name="Test" finished-at="2021-08-18T15:20:40Z" duration-ms="97721">
      <class name="script.Test2">
        <test-method is-config="true" signature="openApp()[pri:0, instance:script.Test2@2e1d27ba]" started-at="2021-08-18T15:20:28Z" name="openApp" finished-at="2021-08-18T15:20:39Z" duration-ms="10858" status="PASS">
          <reporter-output>
          </reporter-output>
        </test-method> <!-- openApp -->
        <test-method signature="testB()[pri:2, instance:script.Test2@2e1d27ba]" started-at="2021-08-18T15:20:39Z" name="testB" finished-at="2021-08-18T15:20:39Z" duration-ms="5" status="PASS">
          <reporter-output>
            <line>
              <![CDATA[testB]]>
            </line>
          </reporter-output>
        </test-method> <!-- testB -->
        <test-method is-config="true" signature="closeApp()[pri:0, instance:script.Test2@2e1d27ba]" started-at="2021-08-18T15:20:39Z" name="closeApp" finished-at="2021-08-18T15:20:40Z" duration-ms="709" status="PASS">
          <reporter-output>
          </reporter-output>
        </test-method> <!-- closeApp -->
      </class> <!-- script.Test2 -->
      <class name="script.InvalidLogin">
        <test-method is-config="true" signature="openApp()[pri:0, instance:script.InvalidLogin@2cdd0d4b]" started-at="2021-08-18T15:20:12Z" name="openApp" finished-at="2021-08-18T15:20:24Z" duration-ms="11854" status="PASS">
          <reporter-output>
          </reporter-output>
        </test-method> <!-- openApp -->
        <test-method signature="testInvalidLogin()[pri:2, instance:script.InvalidLogin@2cdd0d4b]" started-at="2021-08-18T15:20:24Z" name="testInvalidLogin" finished-at="2021-08-18T15:20:28Z" duration-ms="3679" status="PASS">
          <reporter-output>
          </reporter-output>
        </test-method> <!-- testInvalidLogin -->
        <test-method is-config="true" signature="closeApp()[pri:0, instance:script.InvalidLogin@2cdd0d4b]" started-at="2021-08-18T15:20:28Z" name="closeApp" finished-at="2021-08-18T15:20:28Z" duration-ms="522" status="PASS">
          <reporter-output>
          </reporter-output>
        </test-method> <!-- closeApp -->
      </class> <!-- script.InvalidLogin -->
      <class name="script.Test1">
        <test-method is-config="true" signature="openApp()[pri:0, instance:script.Test1@7e9131d5]" started-at="2021-08-18T15:19:55Z" name="openApp" finished-at="2021-08-18T15:20:11Z" duration-ms="16534" status="PASS">
          <reporter-output>
          </reporter-output>
        </test-method> <!-- openApp -->
        <test-method signature="testA()[pri:1, instance:script.Test1@7e9131d5]" started-at="2021-08-18T15:20:11Z" name="testA" finished-at="2021-08-18T15:20:11Z" duration-ms="4" status="PASS">
          <reporter-output>
            <line>
              <![CDATA[testA]]>
            </line>
          </reporter-output>
        </test-method> <!-- testA -->
        <test-method is-config="true" signature="closeApp()[pri:0, instance:script.Test1@7e9131d5]" started-at="2021-08-18T15:20:11Z" name="closeApp" finished-at="2021-08-18T15:20:12Z" duration-ms="599" status="PASS">
          <reporter-output>
          </reporter-output>
        </test-method> <!-- closeApp -->
      </class> <!-- script.Test1 -->
      <class name="script.ValidLogin">
        <test-method is-config="true" signature="openApp()[pri:0, instance:script.ValidLogin@61d6015a]" started-at="2021-08-18T15:19:02Z" name="openApp" finished-at="2021-08-18T15:19:38Z" duration-ms="35839" status="PASS">
          <reporter-output>
          </reporter-output>
        </test-method> <!-- openApp -->
        <test-method signature="testValidLogin()[pri:0, instance:script.ValidLogin@61d6015a]" started-at="2021-08-18T15:19:38Z" name="testValidLogin" finished-at="2021-08-18T15:19:53Z" duration-ms="15408" status="PASS">
          <reporter-output>
          </reporter-output>
        </test-method> <!-- testValidLogin -->
        <test-method is-config="true" signature="closeApp()[pri:0, instance:script.ValidLogin@61d6015a]" started-at="2021-08-18T15:19:53Z" name="closeApp" finished-at="2021-08-18T15:19:55Z" duration-ms="1565" status="PASS">
          <reporter-output>
          </reporter-output>
        </test-method> <!-- closeApp -->
      </class> <!-- script.ValidLogin -->
    </test> <!-- Test -->
  </suite> <!-- Suite -->
</testng-results>
